{"total": {"lines":{"total":57,"covered":57,"skipped":0,"pct":100},"statements":{"total":71,"covered":71,"skipped":0,"pct":100},"functions":{"total":34,"covered":34,"skipped":0,"pct":100},"branches":{"total":54,"covered":51,"skipped":0,"pct":94.44},"branchesTrue":{"total":0,"covered":0,"skipped":0,"pct":100}}
,"/Users/ryansuematsu/Documents/github/personal/chore-cue/src/features/auth/householdContext.ts": {"lines":{"total":3,"covered":3,"skipped":0,"pct":100},"functions":{"total":2,"covered":2,"skipped":0,"pct":100},"statements":{"total":3,"covered":3,"skipped":0,"pct":100},"branches":{"total":7,"covered":6,"skipped":0,"pct":85.71}}
,"/Users/ryansuematsu/Documents/github/personal/chore-cue/src/features/chorecue/boardState.ts": {"lines":{"total":41,"covered":41,"skipped":0,"pct":100},"functions":{"total":24,"covered":24,"skipped":0,"pct":100},"statements":{"total":46,"covered":46,"skipped":0,"pct":100},"branches":{"total":37,"covered":35,"skipped":0,"pct":94.59}}
,"/Users/ryansuematsu/Documents/github/personal/chore-cue/src/features/members/memberState.ts": {"lines":{"total":13,"covered":13,"skipped":0,"pct":100},"functions":{"total":8,"covered":8,"skipped":0,"pct":100},"statements":{"total":22,"covered":22,"skipped":0,"pct":100},"branches":{"total":10,"covered":10,"skipped":0,"pct":100}}
}
