{"total": {"lines":{"total":311,"covered":297,"skipped":0,"pct":95.49},"statements":{"total":355,"covered":341,"skipped":0,"pct":96.05},"functions":{"total":79,"covered":77,"skipped":0,"pct":97.46},"branches":{"total":257,"covered":241,"skipped":0,"pct":93.77},"branchesTrue":{"total":0,"covered":0,"skipped":0,"pct":100}}
,"/home/user/chore-cue/src/features/auth/householdContext.ts": {"lines":{"total":6,"covered":6,"skipped":0,"pct":100},"functions":{"total":3,"covered":3,"skipped":0,"pct":100},"statements":{"total":7,"covered":7,"skipped":0,"pct":100},"branches":{"total":21,"covered":18,"skipped":0,"pct":85.71}}
,"/home/user/chore-cue/src/features/chorecue/boardState.ts": {"lines":{"total":43,"covered":42,"skipped":0,"pct":97.67},"functions":{"total":22,"covered":22,"skipped":0,"pct":100},"statements":{"total":49,"covered":48,"skipped":0,"pct":97.95},"branches":{"total":26,"covered":25,"skipped":0,"pct":96.15}}
,"/home/user/chore-cue/src/features/chorecue/choreMapping.ts": {"lines":{"total":54,"covered":53,"skipped":0,"pct":98.14},"functions":{"total":8,"covered":8,"skipped":0,"pct":100},"statements":{"total":62,"covered":61,"skipped":0,"pct":98.38},"branches":{"total":54,"covered":51,"skipped":0,"pct":94.44}}
,"/home/user/chore-cue/src/features/chorecue/choreRules.ts": {"lines":{"total":56,"covered":53,"skipped":0,"pct":94.64},"functions":{"total":9,"covered":8,"skipped":0,"pct":88.88},"statements":{"total":64,"covered":61,"skipped":0,"pct":95.31},"branches":{"total":44,"covered":43,"skipped":0,"pct":97.72}}
,"/home/user/chore-cue/src/features/chorecue/recurrence.ts": {"lines":{"total":81,"covered":72,"skipped":0,"pct":88.88},"functions":{"total":11,"covered":10,"skipped":0,"pct":90.9},"statements":{"total":90,"covered":81,"skipped":0,"pct":90},"branches":{"total":84,"covered":77,"skipped":0,"pct":91.66}}
,"/home/user/chore-cue/src/features/chorecue/starterChores.ts": {"lines":{"total":13,"covered":13,"skipped":0,"pct":100},"functions":{"total":3,"covered":3,"skipped":0,"pct":100},"statements":{"total":13,"covered":13,"skipped":0,"pct":100},"branches":{"total":4,"covered":4,"skipped":0,"pct":100}}
,"/home/user/chore-cue/src/features/chorecue/timezone.ts": {"lines":{"total":38,"covered":38,"skipped":0,"pct":100},"functions":{"total":10,"covered":10,"skipped":0,"pct":100},"statements":{"total":40,"covered":40,"skipped":0,"pct":100},"branches":{"total":6,"covered":5,"skipped":0,"pct":83.33}}
,"/home/user/chore-cue/src/features/members/memberState.ts": {"lines":{"total":20,"covered":20,"skipped":0,"pct":100},"functions":{"total":13,"covered":13,"skipped":0,"pct":100},"statements":{"total":30,"covered":30,"skipped":0,"pct":100},"branches":{"total":18,"covered":18,"skipped":0,"pct":100}}
}
